<?xml version="1.0" encoding="UTF-8"?>
<testsuite xmlns:xsi="http://www.w3.org/2001/XMLSchema-instance" xsi:noNamespaceSchemaLocation="https://maven.apache.org/surefire/maven-surefire-plugin/xsd/surefire-test-report.xsd" name="UserAuthorizationTest" time="3.735" tests="4" errors="0" skipped="0" failures="0">
  <properties>
[...]
</properties>
  <testcase name="loginUserWrongLogin" classname="UserAuthorizationTest" time="0.883"/>
  <testcase name="loginUser" classname="UserAuthorizationTest" time="1.009"/>
  <testcase name="loginUserWrongLoginAndPassword" classname="UserAuthorizationTest" time="0.863"/>
  <testcase name="loginUserWrongPassword" classname="UserAuthorizationTest" time="0.971"/>
</testsuite>